tda41Status = 1
tda42Status = 1
CSMethodLossComm = 1 S1LSD_CSMethodLossCommVal= 1
cameraStatus = 4 MCU2_cameraStatusVal = 4 SOC1_cameraStatusVal = 1048512
SRMethodLossComm = 1 S1LSD_SRMethodLossCommVal= 1
HODSignalStatus = 7
HODSignalStatus = 7
HODSignalStatus = 7
HODSignalStatus = 7
HODSignalStatus = 7
HODSignalStatus = 7
HODSignalStatus = 7
HODSignalStatus = 7
HODSignalStatus = 7
HODSignalStatus = 7
HODSignalStatus = 7
HODSignalStatus = 7
HODSignalStatus = 7
HODSignalStatus = 7
HODSignalStatus = 7
HODSignalStatus = 7
